15:45:13.053 [main] DEBUG io.netty.util.internal.PlatformDependent0 - java.nio.DirectByteBuffer.<init>(long, int): unavailable
15:45:13.095 [main] DEBUG io.netty.util.internal.PlatformDependent - sun.misc.Unsafe: available
15:45:13.095 [main] DEBUG io.netty.util.internal.PlatformDependent - maxDirectMemory: 3191865344 bytes (maybe)
15:45:13.096 [main] DEBUG io.netty.util.internal.PlatformDependent - -Dio.netty.tmpdir: C:\Users\Veena\AppData\Local\Temp (java.io.tmpdir)
15:45:13.096 [main] DEBUG io.netty.util.internal.PlatformDependent - -Dio.netty.bitMode: 64 (sun.arch.data.model)
15:45:13.096 [main] DEBUG io.netty.util.internal.PlatformDependent - Platform: Windows
15:45:13.098 [main] DEBUG io.netty.util.internal.PlatformDependent - -Dio.netty.maxDirectMemory: -1 bytes
15:45:13.098 [main] DEBUG io.netty.util.internal.PlatformDependent - -Dio.netty.uninitializedArrayAllocationThreshold: -1
15:45:13.100 [main] DEBUG io.netty.util.internal.CleanerJava9 - java.nio.ByteBuffer.cleaner(): available
15:45:13.100 [main] DEBUG io.netty.util.internal.PlatformDependent - -Dio.netty.noPreferDirect: false
15:45:13.109 [main] DEBUG io.netty.util.internal.PlatformDependent - org.jctools-core.MpscChunkedArrayQueue: available
15:45:13.126 [main] DEBUG io.netty.util.internal.InternalThreadLocalMap - -Dio.netty.threadLocalMap.stringBuilder.initialSize: 1024
15:45:13.126 [main] DEBUG io.netty.util.internal.InternalThreadLocalMap - -Dio.netty.threadLocalMap.stringBuilder.maxSize: 4096
15:45:13.170 [main] DEBUG io.netty.handler.ssl.JdkSslContext - Default protocols (JDK): [TLSv1.3, TLSv1.2] 
15:45:13.170 [main] DEBUG io.netty.handler.ssl.JdkSslContext - Default cipher suites (JDK): [TLS_ECDHE_ECDSA_WITH_AES_256_GCM_SHA384, TLS_ECDHE_ECDSA_WITH_AES_128_GCM_SHA256, TLS_ECDHE_RSA_WITH_AES_128_GCM_SHA256, TLS_ECDHE_RSA_WITH_AES_256_GCM_SHA384, TLS_ECDHE_RSA_WITH_AES_128_CBC_SHA, TLS_ECDHE_RSA_WITH_AES_256_CBC_SHA, TLS_RSA_WITH_AES_128_GCM_SHA256, TLS_RSA_WITH_AES_128_CBC_SHA, TLS_RSA_WITH_AES_256_CBC_SHA, TLS_AES_128_GCM_SHA256, TLS_AES_256_GCM_SHA384]
15:45:13.203 [main] DEBUG io.netty.channel.MultithreadEventLoopGroup - -Dio.netty.eventLoopThreads: 16
15:45:13.213 [main] DEBUG io.netty.channel.nio.NioEventLoop - -Dio.netty.noKeySetOptimization: false
15:45:13.213 [main] DEBUG io.netty.channel.nio.NioEventLoop - -Dio.netty.selectorAutoRebuildThreshold: 512
15:45:13.225 [main] TRACE io.netty.channel.nio.NioEventLoop - instrumented a special java.util.Set into: sun.nio.ch.WindowsSelectorImpl@17f2dd85
15:45:13.227 [main] TRACE io.netty.channel.nio.NioEventLoop - instrumented a special java.util.Set into: sun.nio.ch.WindowsSelectorImpl@7f353d99
15:45:13.230 [main] TRACE io.netty.channel.nio.NioEventLoop - instrumented a special java.util.Set into: sun.nio.ch.WindowsSelectorImpl@4649d70a
15:45:13.233 [main] TRACE io.netty.channel.nio.NioEventLoop - instrumented a special java.util.Set into: sun.nio.ch.WindowsSelectorImpl@5d43409a
15:45:13.235 [main] TRACE io.netty.channel.nio.NioEventLoop - instrumented a special java.util.Set into: sun.nio.ch.WindowsSelectorImpl@38d17d80
15:45:13.237 [main] TRACE io.netty.channel.nio.NioEventLoop - instrumented a special java.util.Set into: sun.nio.ch.WindowsSelectorImpl@6ede46f6
15:45:13.239 [main] TRACE io.netty.channel.nio.NioEventLoop - instrumented a special java.util.Set into: sun.nio.ch.WindowsSelectorImpl@66273da0
15:45:13.241 [main] TRACE io.netty.channel.nio.NioEventLoop - instrumented a special java.util.Set into: sun.nio.ch.WindowsSelectorImpl@2127e66e
15:45:13.243 [main] TRACE io.netty.channel.nio.NioEventLoop - instrumented a special java.util.Set into: sun.nio.ch.WindowsSelectorImpl@1229a2b7
15:45:13.245 [main] TRACE io.netty.channel.nio.NioEventLoop - instrumented a special java.util.Set into: sun.nio.ch.WindowsSelectorImpl@e5cbff2
15:45:13.247 [main] TRACE io.netty.channel.nio.NioEventLoop - instrumented a special java.util.Set into: sun.nio.ch.WindowsSelectorImpl@51c959a4
15:45:13.249 [main] TRACE io.netty.channel.nio.NioEventLoop - instrumented a special java.util.Set into: sun.nio.ch.WindowsSelectorImpl@4fc3c165
15:45:13.251 [main] TRACE io.netty.channel.nio.NioEventLoop - instrumented a special java.util.Set into: sun.nio.ch.WindowsSelectorImpl@10a0fe30
15:45:13.253 [main] TRACE io.netty.channel.nio.NioEventLoop - instrumented a special java.util.Set into: sun.nio.ch.WindowsSelectorImpl@7b6860f9
15:45:13.255 [main] TRACE io.netty.channel.nio.NioEventLoop - instrumented a special java.util.Set into: sun.nio.ch.WindowsSelectorImpl@60f70249
15:45:13.257 [main] TRACE io.netty.channel.nio.NioEventLoop - instrumented a special java.util.Set into: sun.nio.ch.WindowsSelectorImpl@31ee2fdb
15:45:13.278 [main] DEBUG io.netty.buffer.PooledByteBufAllocator - -Dio.netty.allocator.numHeapArenas: 16
15:45:13.278 [main] DEBUG io.netty.buffer.PooledByteBufAllocator - -Dio.netty.allocator.numDirectArenas: 16
15:45:13.278 [main] DEBUG io.netty.buffer.PooledByteBufAllocator - -Dio.netty.allocator.pageSize: 8192
15:45:13.278 [main] DEBUG io.netty.buffer.PooledByteBufAllocator - -Dio.netty.allocator.maxOrder: 11
15:45:13.278 [main] DEBUG io.netty.buffer.PooledByteBufAllocator - -Dio.netty.allocator.chunkSize: 16777216
15:45:13.278 [main] DEBUG io.netty.buffer.PooledByteBufAllocator - -Dio.netty.allocator.smallCacheSize: 256
15:45:13.278 [main] DEBUG io.netty.buffer.PooledByteBufAllocator - -Dio.netty.allocator.normalCacheSize: 64
15:45:13.278 [main] DEBUG io.netty.buffer.PooledByteBufAllocator - -Dio.netty.allocator.maxCachedBufferCapacity: 32768
15:45:13.278 [main] DEBUG io.netty.buffer.PooledByteBufAllocator - -Dio.netty.allocator.cacheTrimInterval: 8192
15:45:13.278 [main] DEBUG io.netty.buffer.PooledByteBufAllocator - -Dio.netty.allocator.cacheTrimIntervalMillis: 0
15:45:13.278 [main] DEBUG io.netty.buffer.PooledByteBufAllocator - -Dio.netty.allocator.useCacheForAllThreads: true
15:45:13.278 [main] DEBUG io.netty.buffer.PooledByteBufAllocator - -Dio.netty.allocator.maxCachedByteBuffersPerChunk: 1023
15:45:13.292 [main] DEBUG io.netty.buffer.ByteBufUtil - -Dio.netty.allocator.type: pooled
15:45:13.292 [main] DEBUG io.netty.buffer.ByteBufUtil - -Dio.netty.threadLocalDirectBufferSize: 0
15:45:13.292 [main] DEBUG io.netty.buffer.ByteBufUtil - -Dio.netty.maxThreadLocalCharBufferSize: 16384
15:45:14.635 [Forwarding newSession on session null to remote] DEBUG io.netty.channel.DefaultChannelId - -Dio.netty.processId: 10988 (auto-detected)
15:45:14.638 [Forwarding newSession on session null to remote] DEBUG io.netty.util.NetUtil - -Djava.net.preferIPv4Stack: false
15:45:14.638 [Forwarding newSession on session null to remote] DEBUG io.netty.util.NetUtil - -Djava.net.preferIPv6Addresses: false
15:45:14.656 [Forwarding newSession on session null to remote] DEBUG io.netty.util.NetUtilInitializations - Loopback interface: lo (Software Loopback Interface 1, 127.0.0.1)
15:45:14.657 [Forwarding newSession on session null to remote] DEBUG io.netty.util.NetUtil - Failed to get SOMAXCONN from sysctl and file \proc\sys\net\core\somaxconn. Default: 200
15:45:14.709 [Forwarding newSession on session null to remote] DEBUG io.netty.channel.DefaultChannelId - -Dio.netty.machineId: dc:a2:66:ff:fe:2b:5c:bb (auto-detected)
15:45:14.753 [AsyncHttpClient-1-2] DEBUG io.netty.buffer.AbstractByteBuf - -Dio.netty.buffer.checkAccessible: true
15:45:14.753 [AsyncHttpClient-1-2] DEBUG io.netty.buffer.AbstractByteBuf - -Dio.netty.buffer.checkBounds: true
15:45:14.754 [AsyncHttpClient-1-2] DEBUG io.netty.util.ResourceLeakDetectorFactory - Loaded default ResourceLeakDetector: io.netty.util.ResourceLeakDetector@7f6d90ff
15:45:14.774 [AsyncHttpClient-1-2] DEBUG io.netty.util.Recycler - -Dio.netty.recycler.maxCapacityPerThread: 4096
15:45:14.774 [AsyncHttpClient-1-2] DEBUG io.netty.util.Recycler - -Dio.netty.recycler.maxSharedCapacityFactor: 2
15:45:14.774 [AsyncHttpClient-1-2] DEBUG io.netty.util.Recycler - -Dio.netty.recycler.linkCapacity: 16
15:45:14.774 [AsyncHttpClient-1-2] DEBUG io.netty.util.Recycler - -Dio.netty.recycler.ratio: 8
15:45:14.774 [AsyncHttpClient-1-2] DEBUG io.netty.util.Recycler - -Dio.netty.recycler.delayedQueue.ratio: 8
15:45:16.053 [AsyncHttpClient-1-2] DEBUG io.netty.handler.codec.compression.Brotli - brotli4j not in the classpath; Brotli support will be unavailable.
15:45:16.164 [main] DEBUG io.netty.util.internal.ThreadLocalRandom - -Dio.netty.initialSeedUniquifier: 0x3b3333bb372dc0fe
15:45:16.206 [main] INFO  testCases.TC_001_AccountRegistration - Launched Chrome Browser
15:45:16.230 [main] INFO  testCases.TC_001_AccountRegistration - Starting TC_001_AccountRegistration
15:45:18.175 [main] INFO  testCases.TC_001_AccountRegistration - Home Page Displayed 
15:45:19.947 [main] INFO  testCases.TC_001_AccountRegistration - Clicked on My Account link
15:45:20.461 [main] INFO  testCases.TC_001_AccountRegistration - Clicked on Register link
15:45:20.539 [main] INFO  testCases.TC_001_AccountRegistration - Provided First Name 
15:45:20.603 [main] INFO  testCases.TC_001_AccountRegistration - Provided Last Name 
15:45:20.679 [main] INFO  testCases.TC_001_AccountRegistration - Provided Email 
15:45:20.745 [main] INFO  testCases.TC_001_AccountRegistration - Provided Telephone 
15:45:20.811 [main] INFO  testCases.TC_001_AccountRegistration - Provided Password 
15:45:20.881 [main] INFO  testCases.TC_001_AccountRegistration - Provided Confirmed Password 
15:45:20.936 [main] INFO  testCases.TC_001_AccountRegistration - Set Privacy Policy 
15:45:21.764 [main] INFO  testCases.TC_001_AccountRegistration - Clicked on Continue button
15:45:21.799 [main] INFO  testCases.TC_001_AccountRegistration - Account Registration Success 
15:45:21.913 [main] INFO  testCases.TC_001_AccountRegistration -  Finished TC_001_AccountRegistration 
15:45:21.931 [AsyncHttpClient-1-4] TRACE io.netty.handler.codec.http.websocketx.WebSocket08FrameEncoder - Encoding WebSocket Frame opCode=8 length=26
15:47:13.496 [main] DEBUG io.netty.util.internal.logging.InternalLoggerFactory - Using Log4J2 as the default logging framework
15:47:13.509 [main] DEBUG io.netty.util.ResourceLeakDetector - -Dio.netty.leakDetection.level: simple
15:47:13.509 [main] DEBUG io.netty.util.ResourceLeakDetector - -Dio.netty.leakDetection.targetRecords: 4
15:47:13.513 [main] DEBUG io.netty.util.ResourceLeakDetectorFactory - Loaded default ResourceLeakDetector: io.netty.util.ResourceLeakDetector@3d278b4d
15:47:13.529 [main] DEBUG io.netty.util.internal.PlatformDependent0 - -Dio.netty.noUnsafe: false
15:47:13.530 [main] DEBUG io.netty.util.internal.PlatformDependent0 - Java version: 16
15:47:13.531 [main] DEBUG io.netty.util.internal.PlatformDependent0 - sun.misc.Unsafe.theUnsafe: available
15:47:13.532 [main] DEBUG io.netty.util.internal.PlatformDependent0 - sun.misc.Unsafe.copyMemory: available
15:47:13.532 [main] DEBUG io.netty.util.internal.PlatformDependent0 - java.nio.Buffer.address: available
15:47:13.533 [main] DEBUG io.netty.util.internal.PlatformDependent0 - direct buffer constructor: unavailable
java.lang.UnsupportedOperationException: Reflective setAccessible(true) disabled
	at io.netty.util.internal.ReflectionUtil.trySetAccessible(ReflectionUtil.java:31) ~[netty-common-4.1.68.Final.jar:4.1.68.Final]
	at io.netty.util.internal.PlatformDependent0$4.run(PlatformDependent0.java:253) ~[netty-common-4.1.68.Final.jar:4.1.68.Final]
	at java.security.AccessController.doPrivileged(AccessController.java:312) ~[?:?]
	at io.netty.util.internal.PlatformDependent0.<clinit>(PlatformDependent0.java:247) ~[netty-common-4.1.68.Final.jar:4.1.68.Final]
	at io.netty.util.internal.PlatformDependent.isAndroid(PlatformDependent.java:294) ~[netty-common-4.1.68.Final.jar:4.1.68.Final]
	at io.netty.util.internal.PlatformDependent.<clinit>(PlatformDependent.java:88) ~[netty-common-4.1.68.Final.jar:4.1.68.Final]
	at io.netty.util.HashedWheelTimer.<init>(HashedWheelTimer.java:112) ~[netty-common-4.1.68.Final.jar:4.1.68.Final]
	at io.netty.util.HashedWheelTimer.<init>(HashedWheelTimer.java:221) ~[netty-common-4.1.68.Final.jar:4.1.68.Final]
	at io.netty.util.HashedWheelTimer.<init>(HashedWheelTimer.java:200) ~[netty-common-4.1.68.Final.jar:4.1.68.Final]
	at org.asynchttpclient.DefaultAsyncHttpClient.newNettyTimer(DefaultAsyncHttpClient.java:111) ~[async-http-client-2.12.3.jar:?]
	at org.asynchttpclient.DefaultAsyncHttpClient.<init>(DefaultAsyncHttpClient.java:90) ~[async-http-client-2.12.3.jar:?]
	at org.asynchttpclient.Dsl.asyncHttpClient(Dsl.java:32) ~[async-http-client-2.12.3.jar:?]
	at org.openqa.selenium.remote.http.netty.NettyClient.createHttpClient(NettyClient.java:114) ~[selenium-remote-driver-4.0.0.jar:?]
	at org.openqa.selenium.remote.http.netty.NettyClient.<clinit>(NettyClient.java:57) ~[selenium-remote-driver-4.0.0.jar:?]
	at org.openqa.selenium.remote.http.netty.NettyClient$Factory.createClient(NettyClient.java:163) ~[selenium-remote-driver-4.0.0.jar:?]
	at org.openqa.selenium.remote.HttpCommandExecutor.<init>(HttpCommandExecutor.java:107) ~[selenium-remote-driver-4.0.0.jar:?]
	at org.openqa.selenium.remote.HttpCommandExecutor.<init>(HttpCommandExecutor.java:94) ~[selenium-remote-driver-4.0.0.jar:?]
	at org.openqa.selenium.remote.HttpCommandExecutor.<init>(HttpCommandExecutor.java:85) ~[selenium-remote-driver-4.0.0.jar:?]
	at org.openqa.selenium.remote.service.DriverCommandExecutor.<init>(DriverCommandExecutor.java:77) ~[selenium-remote-driver-4.0.0.jar:?]
	at org.openqa.selenium.chromium.ChromiumDriverCommandExecutor.<init>(ChromiumDriverCommandExecutor.java:35) ~[selenium-chromium-driver-4.0.0.jar:?]
	at org.openqa.selenium.chrome.ChromeDriver$ChromeDriverCommandExecutor.<init>(ChromeDriver.java:111) ~[selenium-chrome-driver-4.0.0.jar:?]
	at org.openqa.selenium.chrome.ChromeDriver.<init>(ChromeDriver.java:104) ~[selenium-chrome-driver-4.0.0.jar:?]
	at org.openqa.selenium.chrome.ChromeDriver.<init>(ChromeDriver.java:91) ~[selenium-chrome-driver-4.0.0.jar:?]
	at org.openqa.selenium.chrome.ChromeDriver.<init>(ChromeDriver.java:46) ~[selenium-chrome-driver-4.0.0.jar:?]
	at testBase.BaseClass.setup(BaseClass.java:45) ~[test-classes/:?]
	at jdk.internal.reflect.NativeMethodAccessorImpl.invoke0(Native Method) ~[?:?]
	at jdk.internal.reflect.NativeMethodAccessorImpl.invoke(NativeMethodAccessorImpl.java:78) ~[?:?]
	at jdk.internal.reflect.DelegatingMethodAccessorImpl.invoke(DelegatingMethodAccessorImpl.java:43) ~[?:?]
	at java.lang.reflect.Method.invoke(Method.java:567) ~[?:?]
	at org.testng.internal.MethodInvocationHelper.invokeMethod(MethodInvocationHelper.java:133) ~[testng-7.4.0.jar:7.4.0]
	at org.testng.internal.MethodInvocationHelper.invokeMethodConsideringTimeout(MethodInvocationHelper.java:62) ~[testng-7.4.0.jar:7.4.0]
	at org.testng.internal.ConfigInvoker.invokeConfigurationMethod(ConfigInvoker.java:385) ~[testng-7.4.0.jar:7.4.0]
	at org.testng.internal.ConfigInvoker.invokeConfigurations(ConfigInvoker.java:321) ~[testng-7.4.0.jar:7.4.0]
	at org.testng.internal.TestMethodWorker.invokeBeforeClassMethods(TestMethodWorker.java:176) ~[testng-7.4.0.jar:7.4.0]
	at org.testng.internal.TestMethodWorker.run(TestMethodWorker.java:122) ~[testng-7.4.0.jar:7.4.0]
	at java.util.ArrayList.forEach(ArrayList.java:1511) [?:?]
	at org.testng.TestRunner.privateRun(TestRunner.java:794) [testng-7.4.0.jar:7.4.0]
	at org.testng.TestRunner.run(TestRunner.java:596) [testng-7.4.0.jar:7.4.0]
	at org.testng.SuiteRunner.runTest(SuiteRunner.java:377) [testng-7.4.0.jar:7.4.0]
	at org.testng.SuiteRunner.runSequentially(SuiteRunner.java:371) [testng-7.4.0.jar:7.4.0]
	at org.testng.SuiteRunner.privateRun(SuiteRunner.java:332) [testng-7.4.0.jar:7.4.0]
	at org.testng.SuiteRunner.run(SuiteRunner.java:276) [testng-7.4.0.jar:7.4.0]
	at org.testng.SuiteRunnerWorker.runSuite(SuiteRunnerWorker.java:53) [testng-7.4.0.jar:7.4.0]
	at org.testng.SuiteRunnerWorker.run(SuiteRunnerWorker.java:96) [testng-7.4.0.jar:7.4.0]
	at org.testng.TestNG.runSuitesSequentially(TestNG.java:1212) [testng-7.4.0.jar:7.4.0]
	at org.testng.TestNG.runSuitesLocally(TestNG.java:1134) [testng-7.4.0.jar:7.4.0]
	at org.testng.TestNG.runSuites(TestNG.java:1063) [testng-7.4.0.jar:7.4.0]
	at org.testng.TestNG.run(TestNG.java:1031) [testng-7.4.0.jar:7.4.0]
	at org.testng.remote.AbstractRemoteTestNG.run(AbstractRemoteTestNG.java:115) [testng-remote.jar:?]
	at org.testng.remote.RemoteTestNG.initAndRun(RemoteTestNG.java:251) [testng-remote.jar:?]
	at org.testng.remote.RemoteTestNG.main(RemoteTestNG.java:77) [testng-remote.jar:?]
15:47:13.541 [main] DEBUG io.netty.util.internal.PlatformDependent0 - java.nio.Bits.unaligned: available, true
15:47:13.542 [main] DEBUG io.netty.util.internal.PlatformDependent0 - jdk.internal.misc.Unsafe.allocateUninitializedArray(int): unavailable
java.lang.IllegalAccessException: class io.netty.util.internal.PlatformDependent0$6 cannot access class jdk.internal.misc.Unsafe (in module java.base) because module java.base does not export jdk.internal.misc to unnamed module @548e7350
	at jdk.internal.reflect.Reflection.newIllegalAccessException(Reflection.java:385) ~[?:?]
	at java.lang.reflect.AccessibleObject.checkAccess(AccessibleObject.java:687) ~[?:?]
	at java.lang.reflect.Method.invoke(Method.java:559) ~[?:?]
	at io.netty.util.internal.PlatformDependent0$6.run(PlatformDependent0.java:375) ~[netty-common-4.1.68.Final.jar:4.1.68.Final]
	at java.security.AccessController.doPrivileged(AccessController.java:312) ~[?:?]
	at io.netty.util.internal.PlatformDependent0.<clinit>(PlatformDependent0.java:366) ~[netty-common-4.1.68.Final.jar:4.1.68.Final]
	at io.netty.util.internal.PlatformDependent.isAndroid(PlatformDependent.java:294) ~[netty-common-4.1.68.Final.jar:4.1.68.Final]
	at io.netty.util.internal.PlatformDependent.<clinit>(PlatformDependent.java:88) ~[netty-common-4.1.68.Final.jar:4.1.68.Final]
	at io.netty.util.HashedWheelTimer.<init>(HashedWheelTimer.java:112) ~[netty-common-4.1.68.Final.jar:4.1.68.Final]
	at io.netty.util.HashedWheelTimer.<init>(HashedWheelTimer.java:221) ~[netty-common-4.1.68.Final.jar:4.1.68.Final]
	at io.netty.util.HashedWheelTimer.<init>(HashedWheelTimer.java:200) ~[netty-common-4.1.68.Final.jar:4.1.68.Final]
	at org.asynchttpclient.DefaultAsyncHttpClient.newNettyTimer(DefaultAsyncHttpClient.java:111) ~[async-http-client-2.12.3.jar:?]
	at org.asynchttpclient.DefaultAsyncHttpClient.<init>(DefaultAsyncHttpClient.java:90) ~[async-http-client-2.12.3.jar:?]
	at org.asynchttpclient.Dsl.asyncHttpClient(Dsl.java:32) ~[async-http-client-2.12.3.jar:?]
	at org.openqa.selenium.remote.http.netty.NettyClient.createHttpClient(NettyClient.java:114) ~[selenium-remote-driver-4.0.0.jar:?]
	at org.openqa.selenium.remote.http.netty.NettyClient.<clinit>(NettyClient.java:57) ~[selenium-remote-driver-4.0.0.jar:?]
	at org.openqa.selenium.remote.http.netty.NettyClient$Factory.createClient(NettyClient.java:163) ~[selenium-remote-driver-4.0.0.jar:?]
	at org.openqa.selenium.remote.HttpCommandExecutor.<init>(HttpCommandExecutor.java:107) ~[selenium-remote-driver-4.0.0.jar:?]
	at org.openqa.selenium.remote.HttpCommandExecutor.<init>(HttpCommandExecutor.java:94) ~[selenium-remote-driver-4.0.0.jar:?]
	at org.openqa.selenium.remote.HttpCommandExecutor.<init>(HttpCommandExecutor.java:85) ~[selenium-remote-driver-4.0.0.jar:?]
	at org.openqa.selenium.remote.service.DriverCommandExecutor.<init>(DriverCommandExecutor.java:77) ~[selenium-remote-driver-4.0.0.jar:?]
	at org.openqa.selenium.chromium.ChromiumDriverCommandExecutor.<init>(ChromiumDriverCommandExecutor.java:35) ~[selenium-chromium-driver-4.0.0.jar:?]
	at org.openqa.selenium.chrome.ChromeDriver$ChromeDriverCommandExecutor.<init>(ChromeDriver.java:111) ~[selenium-chrome-driver-4.0.0.jar:?]
	at org.openqa.selenium.chrome.ChromeDriver.<init>(ChromeDriver.java:104) ~[selenium-chrome-driver-4.0.0.jar:?]
	at org.openqa.selenium.chrome.ChromeDriver.<init>(ChromeDriver.java:91) ~[selenium-chrome-driver-4.0.0.jar:?]
	at org.openqa.selenium.chrome.ChromeDriver.<init>(ChromeDriver.java:46) ~[selenium-chrome-driver-4.0.0.jar:?]
	at testBase.BaseClass.setup(BaseClass.java:45) ~[test-classes/:?]
	at jdk.internal.reflect.NativeMethodAccessorImpl.invoke0(Native Method) ~[?:?]
	at jdk.internal.reflect.NativeMethodAccessorImpl.invoke(NativeMethodAccessorImpl.java:78) ~[?:?]
	at jdk.internal.reflect.DelegatingMethodAccessorImpl.invoke(DelegatingMethodAccessorImpl.java:43) ~[?:?]
	at java.lang.reflect.Method.invoke(Method.java:567) ~[?:?]
	at org.testng.internal.MethodInvocationHelper.invokeMethod(MethodInvocationHelper.java:133) ~[testng-7.4.0.jar:7.4.0]
	at org.testng.internal.MethodInvocationHelper.invokeMethodConsideringTimeout(MethodInvocationHelper.java:62) ~[testng-7.4.0.jar:7.4.0]
	at org.testng.internal.ConfigInvoker.invokeConfigurationMethod(ConfigInvoker.java:385) ~[testng-7.4.0.jar:7.4.0]
	at org.testng.internal.ConfigInvoker.invokeConfigurations(ConfigInvoker.java:321) ~[testng-7.4.0.jar:7.4.0]
	at org.testng.internal.TestMethodWorker.invokeBeforeClassMethods(TestMethodWorker.java:176) ~[testng-7.4.0.jar:7.4.0]
	at org.testng.internal.TestMethodWorker.run(TestMethodWorker.java:122) ~[testng-7.4.0.jar:7.4.0]
	at java.util.ArrayList.forEach(ArrayList.java:1511) [?:?]
	at org.testng.TestRunner.privateRun(TestRunner.java:794) [testng-7.4.0.jar:7.4.0]
	at org.testng.TestRunner.run(TestRunner.java:596) [testng-7.4.0.jar:7.4.0]
	at org.testng.SuiteRunner.runTest(SuiteRunner.java:377) [testng-7.4.0.jar:7.4.0]
	at org.testng.SuiteRunner.runSequentially(SuiteRunner.java:371) [testng-7.4.0.jar:7.4.0]
	at org.testng.SuiteRunner.privateRun(SuiteRunner.java:332) [testng-7.4.0.jar:7.4.0]
	at org.testng.SuiteRunner.run(SuiteRunner.java:276) [testng-7.4.0.jar:7.4.0]
	at org.testng.SuiteRunnerWorker.runSuite(SuiteRunnerWorker.java:53) [testng-7.4.0.jar:7.4.0]
	at org.testng.SuiteRunnerWorker.run(SuiteRunnerWorker.java:96) [testng-7.4.0.jar:7.4.0]
	at org.testng.TestNG.runSuitesSequentially(TestNG.java:1212) [testng-7.4.0.jar:7.4.0]
	at org.testng.TestNG.runSuitesLocally(TestNG.java:1134) [testng-7.4.0.jar:7.4.0]
	at org.testng.TestNG.runSuites(TestNG.java:1063) [testng-7.4.0.jar:7.4.0]
	at org.testng.TestNG.run(TestNG.java:1031) [testng-7.4.0.jar:7.4.0]
	at org.testng.remote.AbstractRemoteTestNG.run(AbstractRemoteTestNG.java:115) [testng-remote.jar:?]
	at org.testng.remote.RemoteTestNG.initAndRun(RemoteTestNG.java:251) [testng-remote.jar:?]
	at org.testng.remote.RemoteTestNG.main(RemoteTestNG.java:77) [testng-remote.jar:?]
15:47:13.544 [main] DEBUG io.netty.util.internal.PlatformDependent0 - java.nio.DirectByteBuffer.<init>(long, int): unavailable
15:47:13.544 [main] DEBUG io.netty.util.internal.PlatformDependent - sun.misc.Unsafe: available
15:47:13.544 [main] DEBUG io.netty.util.internal.PlatformDependent - maxDirectMemory: 3191865344 bytes (maybe)
15:47:13.545 [main] DEBUG io.netty.util.internal.PlatformDependent - -Dio.netty.tmpdir: C:\Users\Veena\AppData\Local\Temp (java.io.tmpdir)
15:47:13.545 [main] DEBUG io.netty.util.internal.PlatformDependent - -Dio.netty.bitMode: 64 (sun.arch.data.model)
15:47:13.545 [main] DEBUG io.netty.util.internal.PlatformDependent - Platform: Windows
15:47:13.546 [main] DEBUG io.netty.util.internal.PlatformDependent - -Dio.netty.maxDirectMemory: -1 bytes
15:47:13.546 [main] DEBUG io.netty.util.internal.PlatformDependent - -Dio.netty.uninitializedArrayAllocationThreshold: -1
15:47:13.547 [main] DEBUG io.netty.util.internal.CleanerJava9 - java.nio.ByteBuffer.cleaner(): available
15:47:13.547 [main] DEBUG io.netty.util.internal.PlatformDependent - -Dio.netty.noPreferDirect: false
15:47:13.555 [main] DEBUG io.netty.util.internal.PlatformDependent - org.jctools-core.MpscChunkedArrayQueue: available
15:47:13.572 [main] DEBUG io.netty.util.internal.InternalThreadLocalMap - -Dio.netty.threadLocalMap.stringBuilder.initialSize: 1024
15:47:13.572 [main] DEBUG io.netty.util.internal.InternalThreadLocalMap - -Dio.netty.threadLocalMap.stringBuilder.maxSize: 4096
15:47:13.617 [main] DEBUG io.netty.handler.ssl.JdkSslContext - Default protocols (JDK): [TLSv1.3, TLSv1.2] 
15:47:13.618 [main] DEBUG io.netty.handler.ssl.JdkSslContext - Default cipher suites (JDK): [TLS_ECDHE_ECDSA_WITH_AES_256_GCM_SHA384, TLS_ECDHE_ECDSA_WITH_AES_128_GCM_SHA256, TLS_ECDHE_RSA_WITH_AES_128_GCM_SHA256, TLS_ECDHE_RSA_WITH_AES_256_GCM_SHA384, TLS_ECDHE_RSA_WITH_AES_128_CBC_SHA, TLS_ECDHE_RSA_WITH_AES_256_CBC_SHA, TLS_RSA_WITH_AES_128_GCM_SHA256, TLS_RSA_WITH_AES_128_CBC_SHA, TLS_RSA_WITH_AES_256_CBC_SHA, TLS_AES_128_GCM_SHA256, TLS_AES_256_GCM_SHA384]
15:47:13.657 [main] DEBUG io.netty.channel.MultithreadEventLoopGroup - -Dio.netty.eventLoopThreads: 16
15:47:13.670 [main] DEBUG io.netty.channel.nio.NioEventLoop - -Dio.netty.noKeySetOptimization: false
15:47:13.671 [main] DEBUG io.netty.channel.nio.NioEventLoop - -Dio.netty.selectorAutoRebuildThreshold: 512
15:47:13.687 [main] TRACE io.netty.channel.nio.NioEventLoop - instrumented a special java.util.Set into: sun.nio.ch.WindowsSelectorImpl@4047d2d9
15:47:13.690 [main] TRACE io.netty.channel.nio.NioEventLoop - instrumented a special java.util.Set into: sun.nio.ch.WindowsSelectorImpl@660f0c
15:47:13.691 [main] TRACE io.netty.channel.nio.NioEventLoop - instrumented a special java.util.Set into: sun.nio.ch.WindowsSelectorImpl@7a0ef219
15:47:13.693 [main] TRACE io.netty.channel.nio.NioEventLoop - instrumented a special java.util.Set into: sun.nio.ch.WindowsSelectorImpl@1b1f5012
15:47:13.695 [main] TRACE io.netty.channel.nio.NioEventLoop - instrumented a special java.util.Set into: sun.nio.ch.WindowsSelectorImpl@7add323c
15:47:13.697 [main] TRACE io.netty.channel.nio.NioEventLoop - instrumented a special java.util.Set into: sun.nio.ch.WindowsSelectorImpl@4a734c04
15:47:13.699 [main] TRACE io.netty.channel.nio.NioEventLoop - instrumented a special java.util.Set into: sun.nio.ch.WindowsSelectorImpl@4760f169
15:47:13.701 [main] TRACE io.netty.channel.nio.NioEventLoop - instrumented a special java.util.Set into: sun.nio.ch.WindowsSelectorImpl@261ea657
15:47:13.704 [main] TRACE io.netty.channel.nio.NioEventLoop - instrumented a special java.util.Set into: sun.nio.ch.WindowsSelectorImpl@35c12c7a
15:47:13.706 [main] TRACE io.netty.channel.nio.NioEventLoop - instrumented a special java.util.Set into: sun.nio.ch.WindowsSelectorImpl@658255aa
15:47:13.709 [main] TRACE io.netty.channel.nio.NioEventLoop - instrumented a special java.util.Set into: sun.nio.ch.WindowsSelectorImpl@25290bca
15:47:13.711 [main] TRACE io.netty.channel.nio.NioEventLoop - instrumented a special java.util.Set into: sun.nio.ch.WindowsSelectorImpl@76563d26
15:47:13.713 [main] TRACE io.netty.channel.nio.NioEventLoop - instrumented a special java.util.Set into: sun.nio.ch.WindowsSelectorImpl@4ac86d6a
15:47:13.716 [main] TRACE io.netty.channel.nio.NioEventLoop - instrumented a special java.util.Set into: sun.nio.ch.WindowsSelectorImpl@3d904e9c
15:47:13.718 [main] TRACE io.netty.channel.nio.NioEventLoop - instrumented a special java.util.Set into: sun.nio.ch.WindowsSelectorImpl@508a65bf
15:47:13.719 [main] TRACE io.netty.channel.nio.NioEventLoop - instrumented a special java.util.Set into: sun.nio.ch.WindowsSelectorImpl@17f2dd85
15:47:13.740 [main] DEBUG io.netty.buffer.PooledByteBufAllocator - -Dio.netty.allocator.numHeapArenas: 16
15:47:13.740 [main] DEBUG io.netty.buffer.PooledByteBufAllocator - -Dio.netty.allocator.numDirectArenas: 16
15:47:13.740 [main] DEBUG io.netty.buffer.PooledByteBufAllocator - -Dio.netty.allocator.pageSize: 8192
15:47:13.740 [main] DEBUG io.netty.buffer.PooledByteBufAllocator - -Dio.netty.allocator.maxOrder: 11
15:47:13.740 [main] DEBUG io.netty.buffer.PooledByteBufAllocator - -Dio.netty.allocator.chunkSize: 16777216
15:47:13.741 [main] DEBUG io.netty.buffer.PooledByteBufAllocator - -Dio.netty.allocator.smallCacheSize: 256
15:47:13.741 [main] DEBUG io.netty.buffer.PooledByteBufAllocator - -Dio.netty.allocator.normalCacheSize: 64
15:47:13.741 [main] DEBUG io.netty.buffer.PooledByteBufAllocator - -Dio.netty.allocator.maxCachedBufferCapacity: 32768
15:47:13.741 [main] DEBUG io.netty.buffer.PooledByteBufAllocator - -Dio.netty.allocator.cacheTrimInterval: 8192
15:47:13.741 [main] DEBUG io.netty.buffer.PooledByteBufAllocator - -Dio.netty.allocator.cacheTrimIntervalMillis: 0
15:47:13.741 [main] DEBUG io.netty.buffer.PooledByteBufAllocator - -Dio.netty.allocator.useCacheForAllThreads: true
15:47:13.741 [main] DEBUG io.netty.buffer.PooledByteBufAllocator - -Dio.netty.allocator.maxCachedByteBuffersPerChunk: 1023
15:47:13.754 [main] DEBUG io.netty.buffer.ByteBufUtil - -Dio.netty.allocator.type: pooled
15:47:13.754 [main] DEBUG io.netty.buffer.ByteBufUtil - -Dio.netty.threadLocalDirectBufferSize: 0
15:47:13.754 [main] DEBUG io.netty.buffer.ByteBufUtil - -Dio.netty.maxThreadLocalCharBufferSize: 16384
15:47:14.444 [Forwarding newSession on session null to remote] DEBUG io.netty.channel.DefaultChannelId - -Dio.netty.processId: 18904 (auto-detected)
15:47:14.446 [Forwarding newSession on session null to remote] DEBUG io.netty.util.NetUtil - -Djava.net.preferIPv4Stack: false
15:47:14.446 [Forwarding newSession on session null to remote] DEBUG io.netty.util.NetUtil - -Djava.net.preferIPv6Addresses: false
15:47:14.463 [Forwarding newSession on session null to remote] DEBUG io.netty.util.NetUtilInitializations - Loopback interface: lo (Software Loopback Interface 1, 127.0.0.1)
15:47:14.464 [Forwarding newSession on session null to remote] DEBUG io.netty.util.NetUtil - Failed to get SOMAXCONN from sysctl and file \proc\sys\net\core\somaxconn. Default: 200
15:47:14.521 [Forwarding newSession on session null to remote] DEBUG io.netty.channel.DefaultChannelId - -Dio.netty.machineId: dc:a2:66:ff:fe:2b:5c:bb (auto-detected)
15:47:14.565 [AsyncHttpClient-1-2] DEBUG io.netty.buffer.AbstractByteBuf - -Dio.netty.buffer.checkAccessible: true
15:47:14.565 [AsyncHttpClient-1-2] DEBUG io.netty.buffer.AbstractByteBuf - -Dio.netty.buffer.checkBounds: true
15:47:14.565 [AsyncHttpClient-1-2] DEBUG io.netty.util.ResourceLeakDetectorFactory - Loaded default ResourceLeakDetector: io.netty.util.ResourceLeakDetector@53933acb
15:47:14.587 [AsyncHttpClient-1-2] DEBUG io.netty.util.Recycler - -Dio.netty.recycler.maxCapacityPerThread: 4096
15:47:14.587 [AsyncHttpClient-1-2] DEBUG io.netty.util.Recycler - -Dio.netty.recycler.maxSharedCapacityFactor: 2
15:47:14.587 [AsyncHttpClient-1-2] DEBUG io.netty.util.Recycler - -Dio.netty.recycler.linkCapacity: 16
15:47:14.588 [AsyncHttpClient-1-2] DEBUG io.netty.util.Recycler - -Dio.netty.recycler.ratio: 8
15:47:14.588 [AsyncHttpClient-1-2] DEBUG io.netty.util.Recycler - -Dio.netty.recycler.delayedQueue.ratio: 8
15:47:15.336 [AsyncHttpClient-1-2] DEBUG io.netty.handler.codec.compression.Brotli - brotli4j not in the classpath; Brotli support will be unavailable.
15:47:15.451 [main] DEBUG io.netty.util.internal.ThreadLocalRandom - -Dio.netty.initialSeedUniquifier: 0x5d0b6215e2818816
15:47:15.489 [main] INFO  testCases.TC_001_AccountRegistration - Launched Chrome Browser
15:47:15.509 [main] INFO  testCases.TC_001_AccountRegistration - Starting TC_001_AccountRegistration
15:47:17.078 [main] INFO  testCases.TC_001_AccountRegistration - Home Page Displayed 
15:47:18.020 [main] INFO  testCases.TC_001_AccountRegistration - Clicked on My Account link
15:47:18.486 [main] INFO  testCases.TC_001_AccountRegistration - Clicked on Register link
15:47:18.558 [main] INFO  testCases.TC_001_AccountRegistration - Provided First Name 
15:47:18.624 [main] INFO  testCases.TC_001_AccountRegistration - Provided Last Name 
15:47:18.697 [main] INFO  testCases.TC_001_AccountRegistration - Provided Email 
15:47:18.759 [main] INFO  testCases.TC_001_AccountRegistration - Provided Telephone 
15:47:18.823 [main] INFO  testCases.TC_001_AccountRegistration - Provided Password 
15:47:18.885 [main] INFO  testCases.TC_001_AccountRegistration - Provided Confirmed Password 
15:47:18.937 [main] INFO  testCases.TC_001_AccountRegistration - Set Privacy Policy 
15:47:19.837 [main] INFO  testCases.TC_001_AccountRegistration - Clicked on Continue button
15:47:19.872 [main] INFO  testCases.TC_001_AccountRegistration - Account Registration Success 
15:47:20.016 [main] INFO  testCases.TC_001_AccountRegistration -  Finished TC_001_AccountRegistration 
15:47:20.033 [AsyncHttpClient-1-4] TRACE io.netty.handler.codec.http.websocketx.WebSocket08FrameEncoder - Encoding WebSocket Frame opCode=8 length=26
18:06:56.751 [main] DEBUG io.netty.util.internal.logging.InternalLoggerFactory - Using Log4J2 as the default logging framework
18:06:56.760 [main] DEBUG io.netty.util.ResourceLeakDetector - -Dio.netty.leakDetection.level: simple
18:06:56.760 [main] DEBUG io.netty.util.ResourceLeakDetector - -Dio.netty.leakDetection.targetRecords: 4
18:06:56.764 [main] DEBUG io.netty.util.ResourceLeakDetectorFactory - Loaded default ResourceLeakDetector: io.netty.util.ResourceLeakDetector@2aff9dff
18:06:56.781 [main] DEBUG io.netty.util.internal.PlatformDependent0 - -Dio.netty.noUnsafe: false
18:06:56.782 [main] DEBUG io.netty.util.internal.PlatformDependent0 - Java version: 16
18:06:56.783 [main] DEBUG io.netty.util.internal.PlatformDependent0 - sun.misc.Unsafe.theUnsafe: available
18:06:56.785 [main] DEBUG io.netty.util.internal.PlatformDependent0 - sun.misc.Unsafe.copyMemory: available
18:06:56.786 [main] DEBUG io.netty.util.internal.PlatformDependent0 - java.nio.Buffer.address: available
18:06:56.786 [main] DEBUG io.netty.util.internal.PlatformDependent0 - direct buffer constructor: unavailable
java.lang.UnsupportedOperationException: Reflective setAccessible(true) disabled
	at io.netty.util.internal.ReflectionUtil.trySetAccessible(ReflectionUtil.java:31) ~[netty-common-4.1.68.Final.jar:4.1.68.Final]
	at io.netty.util.internal.PlatformDependent0$4.run(PlatformDependent0.java:253) ~[netty-common-4.1.68.Final.jar:4.1.68.Final]
	at java.security.AccessController.doPrivileged(AccessController.java:312) ~[?:?]
	at io.netty.util.internal.PlatformDependent0.<clinit>(PlatformDependent0.java:247) ~[netty-common-4.1.68.Final.jar:4.1.68.Final]
	at io.netty.util.internal.PlatformDependent.isAndroid(PlatformDependent.java:294) ~[netty-common-4.1.68.Final.jar:4.1.68.Final]
	at io.netty.util.internal.PlatformDependent.<clinit>(PlatformDependent.java:88) ~[netty-common-4.1.68.Final.jar:4.1.68.Final]
	at io.netty.util.HashedWheelTimer.<init>(HashedWheelTimer.java:112) ~[netty-common-4.1.68.Final.jar:4.1.68.Final]
	at io.netty.util.HashedWheelTimer.<init>(HashedWheelTimer.java:221) ~[netty-common-4.1.68.Final.jar:4.1.68.Final]
	at io.netty.util.HashedWheelTimer.<init>(HashedWheelTimer.java:200) ~[netty-common-4.1.68.Final.jar:4.1.68.Final]
	at org.asynchttpclient.DefaultAsyncHttpClient.newNettyTimer(DefaultAsyncHttpClient.java:111) ~[async-http-client-2.12.3.jar:?]
	at org.asynchttpclient.DefaultAsyncHttpClient.<init>(DefaultAsyncHttpClient.java:90) ~[async-http-client-2.12.3.jar:?]
	at org.asynchttpclient.Dsl.asyncHttpClient(Dsl.java:32) ~[async-http-client-2.12.3.jar:?]
	at org.openqa.selenium.remote.http.netty.NettyClient.createHttpClient(NettyClient.java:114) ~[selenium-remote-driver-4.0.0.jar:?]
	at org.openqa.selenium.remote.http.netty.NettyClient.<clinit>(NettyClient.java:57) ~[selenium-remote-driver-4.0.0.jar:?]
	at org.openqa.selenium.remote.http.netty.NettyClient$Factory.createClient(NettyClient.java:163) ~[selenium-remote-driver-4.0.0.jar:?]
	at org.openqa.selenium.remote.HttpCommandExecutor.<init>(HttpCommandExecutor.java:107) ~[selenium-remote-driver-4.0.0.jar:?]
	at org.openqa.selenium.remote.HttpCommandExecutor.<init>(HttpCommandExecutor.java:94) ~[selenium-remote-driver-4.0.0.jar:?]
	at org.openqa.selenium.remote.HttpCommandExecutor.<init>(HttpCommandExecutor.java:85) ~[selenium-remote-driver-4.0.0.jar:?]
	at org.openqa.selenium.remote.service.DriverCommandExecutor.<init>(DriverCommandExecutor.java:77) ~[selenium-remote-driver-4.0.0.jar:?]
	at org.openqa.selenium.chromium.ChromiumDriverCommandExecutor.<init>(ChromiumDriverCommandExecutor.java:35) ~[selenium-chromium-driver-4.0.0.jar:?]
	at org.openqa.selenium.chrome.ChromeDriver$ChromeDriverCommandExecutor.<init>(ChromeDriver.java:111) ~[selenium-chrome-driver-4.0.0.jar:?]
	at org.openqa.selenium.chrome.ChromeDriver.<init>(ChromeDriver.java:104) ~[selenium-chrome-driver-4.0.0.jar:?]
	at org.openqa.selenium.chrome.ChromeDriver.<init>(ChromeDriver.java:91) ~[selenium-chrome-driver-4.0.0.jar:?]
	at org.openqa.selenium.chrome.ChromeDriver.<init>(ChromeDriver.java:46) ~[selenium-chrome-driver-4.0.0.jar:?]
	at testBase.BaseClass.setup(BaseClass.java:45) ~[test-classes/:?]
	at jdk.internal.reflect.NativeMethodAccessorImpl.invoke0(Native Method) ~[?:?]
	at jdk.internal.reflect.NativeMethodAccessorImpl.invoke(NativeMethodAccessorImpl.java:78) ~[?:?]
	at jdk.internal.reflect.DelegatingMethodAccessorImpl.invoke(DelegatingMethodAccessorImpl.java:43) ~[?:?]
	at java.lang.reflect.Method.invoke(Method.java:567) ~[?:?]
	at org.testng.internal.MethodInvocationHelper.invokeMethod(MethodInvocationHelper.java:133) ~[testng-7.4.0.jar:7.4.0]
	at org.testng.internal.MethodInvocationHelper.invokeMethodConsideringTimeout(MethodInvocationHelper.java:62) ~[testng-7.4.0.jar:7.4.0]
	at org.testng.internal.ConfigInvoker.invokeConfigurationMethod(ConfigInvoker.java:385) ~[testng-7.4.0.jar:7.4.0]
	at org.testng.internal.ConfigInvoker.invokeConfigurations(ConfigInvoker.java:321) ~[testng-7.4.0.jar:7.4.0]
	at org.testng.internal.TestMethodWorker.invokeBeforeClassMethods(TestMethodWorker.java:176) ~[testng-7.4.0.jar:7.4.0]
	at org.testng.internal.TestMethodWorker.run(TestMethodWorker.java:122) ~[testng-7.4.0.jar:7.4.0]
	at java.util.ArrayList.forEach(ArrayList.java:1511) [?:?]
	at org.testng.TestRunner.privateRun(TestRunner.java:794) [testng-7.4.0.jar:7.4.0]
	at org.testng.TestRunner.run(TestRunner.java:596) [testng-7.4.0.jar:7.4.0]
	at org.testng.SuiteRunner.runTest(SuiteRunner.java:377) [testng-7.4.0.jar:7.4.0]
	at org.testng.SuiteRunner.runSequentially(SuiteRunner.java:371) [testng-7.4.0.jar:7.4.0]
	at org.testng.SuiteRunner.privateRun(SuiteRunner.java:332) [testng-7.4.0.jar:7.4.0]
	at org.testng.SuiteRunner.run(SuiteRunner.java:276) [testng-7.4.0.jar:7.4.0]
	at org.testng.SuiteRunnerWorker.runSuite(SuiteRunnerWorker.java:53) [testng-7.4.0.jar:7.4.0]
	at org.testng.SuiteRunnerWorker.run(SuiteRunnerWorker.java:96) [testng-7.4.0.jar:7.4.0]
	at org.testng.TestNG.runSuitesSequentially(TestNG.java:1212) [testng-7.4.0.jar:7.4.0]
	at org.testng.TestNG.runSuitesLocally(TestNG.java:1134) [testng-7.4.0.jar:7.4.0]
	at org.testng.TestNG.runSuites(TestNG.java:1063) [testng-7.4.0.jar:7.4.0]
	at org.testng.TestNG.run(TestNG.java:1031) [testng-7.4.0.jar:7.4.0]
	at org.testng.remote.AbstractRemoteTestNG.run(AbstractRemoteTestNG.java:115) [testng-remote.jar:?]
	at org.testng.remote.RemoteTestNG.initAndRun(RemoteTestNG.java:251) [testng-remote.jar:?]
	at org.testng.remote.RemoteTestNG.main(RemoteTestNG.java:77) [testng-remote.jar:?]
18:06:56.795 [main] DEBUG io.netty.util.internal.PlatformDependent0 - java.nio.Bits.unaligned: available, true
18:06:56.796 [main] DEBUG io.netty.util.internal.PlatformDependent0 - jdk.internal.misc.Unsafe.allocateUninitializedArray(int): unavailable
java.lang.IllegalAccessException: class io.netty.util.internal.PlatformDependent0$6 cannot access class jdk.internal.misc.Unsafe (in module java.base) because module java.base does not export jdk.internal.misc to unnamed module @548e7350
	at jdk.internal.reflect.Reflection.newIllegalAccessException(Reflection.java:385) ~[?:?]
	at java.lang.reflect.AccessibleObject.checkAccess(AccessibleObject.java:687) ~[?:?]
	at java.lang.reflect.Method.invoke(Method.java:559) ~[?:?]
	at io.netty.util.internal.PlatformDependent0$6.run(PlatformDependent0.java:375) ~[netty-common-4.1.68.Final.jar:4.1.68.Final]
	at java.security.AccessController.doPrivileged(AccessController.java:312) ~[?:?]
	at io.netty.util.internal.PlatformDependent0.<clinit>(PlatformDependent0.java:366) ~[netty-common-4.1.68.Final.jar:4.1.68.Final]
	at io.netty.util.internal.PlatformDependent.isAndroid(PlatformDependent.java:294) ~[netty-common-4.1.68.Final.jar:4.1.68.Final]
	at io.netty.util.internal.PlatformDependent.<clinit>(PlatformDependent.java:88) ~[netty-common-4.1.68.Final.jar:4.1.68.Final]
	at io.netty.util.HashedWheelTimer.<init>(HashedWheelTimer.java:112) ~[netty-common-4.1.68.Final.jar:4.1.68.Final]
	at io.netty.util.HashedWheelTimer.<init>(HashedWheelTimer.java:221) ~[netty-common-4.1.68.Final.jar:4.1.68.Final]
	at io.netty.util.HashedWheelTimer.<init>(HashedWheelTimer.java:200) ~[netty-common-4.1.68.Final.jar:4.1.68.Final]
	at org.asynchttpclient.DefaultAsyncHttpClient.newNettyTimer(DefaultAsyncHttpClient.java:111) ~[async-http-client-2.12.3.jar:?]
	at org.asynchttpclient.DefaultAsyncHttpClient.<init>(DefaultAsyncHttpClient.java:90) ~[async-http-client-2.12.3.jar:?]
	at org.asynchttpclient.Dsl.asyncHttpClient(Dsl.java:32) ~[async-http-client-2.12.3.jar:?]
	at org.openqa.selenium.remote.http.netty.NettyClient.createHttpClient(NettyClient.java:114) ~[selenium-remote-driver-4.0.0.jar:?]
	at org.openqa.selenium.remote.http.netty.NettyClient.<clinit>(NettyClient.java:57) ~[selenium-remote-driver-4.0.0.jar:?]
	at org.openqa.selenium.remote.http.netty.NettyClient$Factory.createClient(NettyClient.java:163) ~[selenium-remote-driver-4.0.0.jar:?]
	at org.openqa.selenium.remote.HttpCommandExecutor.<init>(HttpCommandExecutor.java:107) ~[selenium-remote-driver-4.0.0.jar:?]
	at org.openqa.selenium.remote.HttpCommandExecutor.<init>(HttpCommandExecutor.java:94) ~[selenium-remote-driver-4.0.0.jar:?]
	at org.openqa.selenium.remote.HttpCommandExecutor.<init>(HttpCommandExecutor.java:85) ~[selenium-remote-driver-4.0.0.jar:?]
	at org.openqa.selenium.remote.service.DriverCommandExecutor.<init>(DriverCommandExecutor.java:77) ~[selenium-remote-driver-4.0.0.jar:?]
	at org.openqa.selenium.chromium.ChromiumDriverCommandExecutor.<init>(ChromiumDriverCommandExecutor.java:35) ~[selenium-chromium-driver-4.0.0.jar:?]
	at org.openqa.selenium.chrome.ChromeDriver$ChromeDriverCommandExecutor.<init>(ChromeDriver.java:111) ~[selenium-chrome-driver-4.0.0.jar:?]
	at org.openqa.selenium.chrome.ChromeDriver.<init>(ChromeDriver.java:104) ~[selenium-chrome-driver-4.0.0.jar:?]
	at org.openqa.selenium.chrome.ChromeDriver.<init>(ChromeDriver.java:91) ~[selenium-chrome-driver-4.0.0.jar:?]
	at org.openqa.selenium.chrome.ChromeDriver.<init>(ChromeDriver.java:46) ~[selenium-chrome-driver-4.0.0.jar:?]
	at testBase.BaseClass.setup(BaseClass.java:45) ~[test-classes/:?]
	at jdk.internal.reflect.NativeMethodAccessorImpl.invoke0(Native Method) ~[?:?]
	at jdk.internal.reflect.NativeMethodAccessorImpl.invoke(NativeMethodAccessorImpl.java:78) ~[?:?]
	at jdk.internal.reflect.DelegatingMethodAccessorImpl.invoke(DelegatingMethodAccessorImpl.java:43) ~[?:?]
	at java.lang.reflect.Method.invoke(Method.java:567) ~[?:?]
	at org.testng.internal.MethodInvocationHelper.invokeMethod(MethodInvocationHelper.java:133) ~[testng-7.4.0.jar:7.4.0]
	at org.testng.internal.MethodInvocationHelper.invokeMethodConsideringTimeout(MethodInvocationHelper.java:62) ~[testng-7.4.0.jar:7.4.0]
	at org.testng.internal.ConfigInvoker.invokeConfigurationMethod(ConfigInvoker.java:385) ~[testng-7.4.0.jar:7.4.0]
	at org.testng.internal.ConfigInvoker.invokeConfigurations(ConfigInvoker.java:321) ~[testng-7.4.0.jar:7.4.0]
	at org.testng.internal.TestMethodWorker.invokeBeforeClassMethods(TestMethodWorker.java:176) ~[testng-7.4.0.jar:7.4.0]
	at org.testng.internal.TestMethodWorker.run(TestMethodWorker.java:122) ~[testng-7.4.0.jar:7.4.0]
	at java.util.ArrayList.forEach(ArrayList.java:1511) [?:?]
	at org.testng.TestRunner.privateRun(TestRunner.java:794) [testng-7.4.0.jar:7.4.0]
	at org.testng.TestRunner.run(TestRunner.java:596) [testng-7.4.0.jar:7.4.0]
	at org.testng.SuiteRunner.runTest(SuiteRunner.java:377) [testng-7.4.0.jar:7.4.0]
	at org.testng.SuiteRunner.runSequentially(SuiteRunner.java:371) [testng-7.4.0.jar:7.4.0]
	at org.testng.SuiteRunner.privateRun(SuiteRunner.java:332) [testng-7.4.0.jar:7.4.0]
	at org.testng.SuiteRunner.run(SuiteRunner.java:276) [testng-7.4.0.jar:7.4.0]
	at org.testng.SuiteRunnerWorker.runSuite(SuiteRunnerWorker.java:53) [testng-7.4.0.jar:7.4.0]
	at org.testng.SuiteRunnerWorker.run(SuiteRunnerWorker.java:96) [testng-7.4.0.jar:7.4.0]
	at org.testng.TestNG.runSuitesSequentially(TestNG.java:1212) [testng-7.4.0.jar:7.4.0]
	at org.testng.TestNG.runSuitesLocally(TestNG.java:1134) [testng-7.4.0.jar:7.4.0]
	at org.testng.TestNG.runSuites(TestNG.java:1063) [testng-7.4.0.jar:7.4.0]
	at org.testng.TestNG.run(TestNG.java:1031) [testng-7.4.0.jar:7.4.0]
	at org.testng.remote.AbstractRemoteTestNG.run(AbstractRemoteTestNG.java:115) [testng-remote.jar:?]
	at org.testng.remote.RemoteTestNG.initAndRun(RemoteTestNG.java:251) [testng-remote.jar:?]
	at org.testng.remote.RemoteTestNG.main(RemoteTestNG.java:77) [testng-remote.jar:?]
18:06:56.798 [main] DEBUG io.netty.util.internal.PlatformDependent0 - java.nio.DirectByteBuffer.<init>(long, int): unavailable
18:06:56.798 [main] DEBUG io.netty.util.internal.PlatformDependent - sun.misc.Unsafe: available
18:06:56.799 [main] DEBUG io.netty.util.internal.PlatformDependent - maxDirectMemory: 3191865344 bytes (maybe)
18:06:56.799 [main] DEBUG io.netty.util.internal.PlatformDependent - -Dio.netty.tmpdir: C:\Users\Veena\AppData\Local\Temp (java.io.tmpdir)
18:06:56.799 [main] DEBUG io.netty.util.internal.PlatformDependent - -Dio.netty.bitMode: 64 (sun.arch.data.model)
18:06:56.799 [main] DEBUG io.netty.util.internal.PlatformDependent - Platform: Windows
18:06:56.800 [main] DEBUG io.netty.util.internal.PlatformDependent - -Dio.netty.maxDirectMemory: -1 bytes
18:06:56.800 [main] DEBUG io.netty.util.internal.PlatformDependent - -Dio.netty.uninitializedArrayAllocationThreshold: -1
18:06:56.801 [main] DEBUG io.netty.util.internal.CleanerJava9 - java.nio.ByteBuffer.cleaner(): available
18:06:56.801 [main] DEBUG io.netty.util.internal.PlatformDependent - -Dio.netty.noPreferDirect: false
18:06:56.809 [main] DEBUG io.netty.util.internal.PlatformDependent - org.jctools-core.MpscChunkedArrayQueue: available
18:06:56.872 [main] DEBUG io.netty.util.internal.InternalThreadLocalMap - -Dio.netty.threadLocalMap.stringBuilder.initialSize: 1024
18:06:56.872 [main] DEBUG io.netty.util.internal.InternalThreadLocalMap - -Dio.netty.threadLocalMap.stringBuilder.maxSize: 4096
18:06:56.888 [main] DEBUG io.netty.handler.ssl.JdkSslContext - Default protocols (JDK): [TLSv1.3, TLSv1.2] 
18:06:56.888 [main] DEBUG io.netty.handler.ssl.JdkSslContext - Default cipher suites (JDK): [TLS_ECDHE_ECDSA_WITH_AES_256_GCM_SHA384, TLS_ECDHE_ECDSA_WITH_AES_128_GCM_SHA256, TLS_ECDHE_RSA_WITH_AES_128_GCM_SHA256, TLS_ECDHE_RSA_WITH_AES_256_GCM_SHA384, TLS_ECDHE_RSA_WITH_AES_128_CBC_SHA, TLS_ECDHE_RSA_WITH_AES_256_CBC_SHA, TLS_RSA_WITH_AES_128_GCM_SHA256, TLS_RSA_WITH_AES_128_CBC_SHA, TLS_RSA_WITH_AES_256_CBC_SHA, TLS_AES_128_GCM_SHA256, TLS_AES_256_GCM_SHA384]
18:06:56.923 [main] DEBUG io.netty.channel.MultithreadEventLoopGroup - -Dio.netty.eventLoopThreads: 16
18:06:56.936 [main] DEBUG io.netty.channel.nio.NioEventLoop - -Dio.netty.noKeySetOptimization: false
18:06:56.936 [main] DEBUG io.netty.channel.nio.NioEventLoop - -Dio.netty.selectorAutoRebuildThreshold: 512
18:06:56.957 [main] TRACE io.netty.channel.nio.NioEventLoop - instrumented a special java.util.Set into: sun.nio.ch.WindowsSelectorImpl@11c3ff67
18:06:56.960 [main] TRACE io.netty.channel.nio.NioEventLoop - instrumented a special java.util.Set into: sun.nio.ch.WindowsSelectorImpl@77f68df
18:06:56.963 [main] TRACE io.netty.channel.nio.NioEventLoop - instrumented a special java.util.Set into: sun.nio.ch.WindowsSelectorImpl@3e4e4c1
18:06:56.965 [main] TRACE io.netty.channel.nio.NioEventLoop - instrumented a special java.util.Set into: sun.nio.ch.WindowsSelectorImpl@7e7f3cfd
18:06:56.967 [main] TRACE io.netty.channel.nio.NioEventLoop - instrumented a special java.util.Set into: sun.nio.ch.WindowsSelectorImpl@3ae126d1
18:06:56.970 [main] TRACE io.netty.channel.nio.NioEventLoop - instrumented a special java.util.Set into: sun.nio.ch.WindowsSelectorImpl@46a488c2
18:06:56.972 [main] TRACE io.netty.channel.nio.NioEventLoop - instrumented a special java.util.Set into: sun.nio.ch.WindowsSelectorImpl@6242ae3b
18:06:56.974 [main] TRACE io.netty.channel.nio.NioEventLoop - instrumented a special java.util.Set into: sun.nio.ch.WindowsSelectorImpl@65ddee5a
18:06:56.976 [main] TRACE io.netty.channel.nio.NioEventLoop - instrumented a special java.util.Set into: sun.nio.ch.WindowsSelectorImpl@56399b9e
18:06:56.978 [main] TRACE io.netty.channel.nio.NioEventLoop - instrumented a special java.util.Set into: sun.nio.ch.WindowsSelectorImpl@34b9eb03
18:06:56.980 [main] TRACE io.netty.channel.nio.NioEventLoop - instrumented a special java.util.Set into: sun.nio.ch.WindowsSelectorImpl@43fda8d9
18:06:56.982 [main] TRACE io.netty.channel.nio.NioEventLoop - instrumented a special java.util.Set into: sun.nio.ch.WindowsSelectorImpl@49d831c2
18:06:56.984 [main] TRACE io.netty.channel.nio.NioEventLoop - instrumented a special java.util.Set into: sun.nio.ch.WindowsSelectorImpl@53a7a60c
18:06:56.985 [main] TRACE io.netty.channel.nio.NioEventLoop - instrumented a special java.util.Set into: sun.nio.ch.WindowsSelectorImpl@28bdbe88
18:06:56.987 [main] TRACE io.netty.channel.nio.NioEventLoop - instrumented a special java.util.Set into: sun.nio.ch.WindowsSelectorImpl@6a87026
18:06:56.989 [main] TRACE io.netty.channel.nio.NioEventLoop - instrumented a special java.util.Set into: sun.nio.ch.WindowsSelectorImpl@ef60710
18:06:57.094 [main] DEBUG io.netty.buffer.PooledByteBufAllocator - -Dio.netty.allocator.numHeapArenas: 16
